<?xml version="1.0" encoding="UTF-8"?>
<!-- Generated by org.testng.reporters.JUnitReportReporter -->
<testsuite skipped="0" hostname="DESKTOP-V50T9M9" name="SeleniumLatest.LatestSelenium.AlertTest" tests="1" failures="0" timestamp="12 Aug 2020 02:47:04 GMT" time="8.237" errors="0">
  <testcase name="alert" time="8.237" classname="SeleniumLatest.LatestSelenium.AlertTest"/>
</testsuite> <!-- SeleniumLatest.LatestSelenium.AlertTest -->
