<?xml version="1.0" encoding="UTF-8"?>
<!-- Generated by org.testng.reporters.JUnitReportReporter -->
<testsuite skipped="0" hostname="DESKTOP-V50T9M9" name="SeleniumLatest.LatestSelenium.WindowHandlesTest" tests="1" failures="0" timestamp="13 Aug 2020 02:38:11 GMT" time="18.729" errors="0">
  <testcase name="webTable" time="18.729" classname="SeleniumLatest.LatestSelenium.WindowHandlesTest"/>
</testsuite> <!-- SeleniumLatest.LatestSelenium.WindowHandlesTest -->
