<?xml version="1.0" encoding="UTF-8"?>
<!-- Generated by org.testng.reporters.JUnitReportReporter -->
<testsuite skipped="0" hostname="DESKTOP-V50T9M9" name="SeleniumLatest.LatestSelenium.SelectTest" tests="1" failures="0" timestamp="12 Aug 2020 02:33:51 GMT" time="15.682" errors="0">
  <testcase name="setup" time="15.682" classname="SeleniumLatest.LatestSelenium.SelectTest"/>
</testsuite> <!-- SeleniumLatest.LatestSelenium.SelectTest -->
