<?xml version="1.0" encoding="UTF-8"?>
<!-- Generated by org.testng.reporters.JUnitReportReporter -->
<testsuite skipped="0" hostname="DESKTOP-V50T9M9" name="SeleniumLatest.LatestSelenium.SSLcertTest" tests="1" failures="0" timestamp="24 Aug 2020 02:50:28 GMT" time="10.091" errors="0">
  <testcase name="sslTest" time="10.091" classname="SeleniumLatest.LatestSelenium.SSLcertTest"/>
</testsuite> <!-- SeleniumLatest.LatestSelenium.SSLcertTest -->
