<?xml version="1.0" encoding="UTF-8"?>
<!-- Generated by org.testng.reporters.JUnitReportReporter -->
<testsuite skipped="0" hostname="DESKTOP-V50T9M9" name="SeleniumLatest.LatestSelenium.AccCreationTest" tests="1" failures="0" timestamp="10 Aug 2020 03:01:44 GMT" time="0.003" errors="0">
  <testcase name="verifyAccount" time="0.003" classname="SeleniumLatest.LatestSelenium.AccCreationTest"/>
</testsuite> <!-- SeleniumLatest.LatestSelenium.AccCreationTest -->
