<?xml version="1.0" encoding="UTF-8"?>
<!-- Generated by org.testng.reporters.JUnitReportReporter -->
<testsuite skipped="0" hostname="DESKTOP-V50T9M9" name="SeleniumLatest.LatestSelenium.ExcelTest" tests="1" failures="0" timestamp="20 Aug 2020 02:45:56 GMT" time="0.431" errors="0">
  <testcase name="readExcel" time="0.431" classname="SeleniumLatest.LatestSelenium.ExcelTest"/>
</testsuite> <!-- SeleniumLatest.LatestSelenium.ExcelTest -->
