<?xml version="1.0" encoding="UTF-8"?>
<!-- Generated by org.testng.reporters.JUnitReportReporter -->
<testsuite skipped="0" hostname="DESKTOP-V50T9M9" name="SeleniumLatest.LatestSelenium.DynamicTables" tests="1" failures="0" timestamp="14 Aug 2020 02:44:07 GMT" time="22.981" errors="0">
  <testcase name="webTable" time="22.981" classname="SeleniumLatest.LatestSelenium.DynamicTables"/>
</testsuite> <!-- SeleniumLatest.LatestSelenium.DynamicTables -->
